==== 2025-04-16 19:23:20 ====
To: kumaresarajan@gmail.com
Subject: PolyEduHub - Password Reset Request
MIME-Version: 1.0
Content-type: text/html; charset=utf-8
From: PolyEduHub <noreply@polyeduhub.edu.my>


    <html>
    <head>
        <title>Password Reset Request</title>
    </head>
    <body>
        <h2>Password Reset Request</h2>
        <p>Hello fred,</p>
        <p>We received a request to reset your password for your PolyEduHub account.</p>
        <p>To reset your password, please click the link below:</p>
        <p><a href="http://localhost/polyeduhub/password-new.php?token=5c7f3dea8b7b3bc4ade2fd746079e2c28bfe9456f8969853997de4816a79c95f&amp;email=kumaresarajan%40gmail.com">Reset My Password</a></p>
        <p>This link will expire in 60 minutes.</p>
        <p>If you did not request a password reset, please ignore this email.</p>
        <p>Best regards,<br>The PolyEduHub Team</p>
    </body>
    </html>
=============================================

==== 2025-04-16 19:23:43 ====
To: kumaresarajan@gmail.com
Subject: PolyEduHub - Password Reset Request
MIME-Version: 1.0
Content-type: text/html; charset=utf-8
From: PolyEduHub <noreply@polyeduhub.edu.my>


    <html>
    <head>
        <title>Password Reset Request</title>
    </head>
    <body>
        <h2>Password Reset Request</h2>
        <p>Hello fred,</p>
        <p>We received a request to reset your password for your PolyEduHub account.</p>
        <p>To reset your password, please click the link below:</p>
        <p><a href="http://localhost/polyeduhub/password-new.php?token=85ab3aaeb12369fff8606cf9c2e65ea820db105ea1407b123599c8c5434607a1&amp;email=kumaresarajan%40gmail.com">Reset My Password</a></p>
        <p>This link will expire in 60 minutes.</p>
        <p>If you did not request a password reset, please ignore this email.</p>
        <p>Best regards,<br>The PolyEduHub Team</p>
    </body>
    </html>
=============================================

==== 2025-04-16 19:24:24 ====
To: kumaresarajan@gmail.com
Subject: PolyEduHub - Password Reset Request
MIME-Version: 1.0
Content-type: text/html; charset=utf-8
From: PolyEduHub <noreply@polyeduhub.edu.my>


    <html>
    <head>
        <title>Password Reset Request</title>
    </head>
    <body>
        <h2>Password Reset Request</h2>
        <p>Hello fred,</p>
        <p>We received a request to reset your password for your PolyEduHub account.</p>
        <p>To reset your password, please click the link below:</p>
        <p><a href="http://localhost/polyeduhub/password-new.php?token=db7ac4c0d21d5b1db62b69f4bac72d1b3cd20b459154c8a0ae8f257a04131b6b&amp;email=kumaresarajan%40gmail.com">Reset My Password</a></p>
        <p>This link will expire in 60 minutes.</p>
        <p>If you did not request a password reset, please ignore this email.</p>
        <p>Best regards,<br>The PolyEduHub Team</p>
    </body>
    </html>
=============================================

==== 2025-04-17 03:28:19 ====
To: fred@gmail.com
Subject: Welcome to PolyEduHub - Your Educational Resource Hub
MIME-Version: 1.0
Content-type: text/html; charset=utf-8
From: PolyEduHub <noreply@polyeduhub.edu.my>


    <html>
    <head>
        <title>Welcome to PolyEduHub</title>
    </head>
    <body>
        <h2>Welcome to PolyEduHub, fred!</h2>
        <p>Thank you for joining our educational resource sharing platform.</p>
        <p>Your account has been created successfully with the following details:</p>
        <ul>
            <li><strong>Email:</strong> fred@gmail.com</li>
            <li><strong>Role:</strong> Student</li>
        </ul>
        <p>You can now log in and start exploring resources, uploading your own materials, and connecting with other students.</p>
        <p>Best regards,<br>The PolyEduHub Team</p>
    </body>
    </html>
=============================================

==== 2025-04-22 04:05:30 ====
To: syuhdaghzly05@gmail.com
Subject: Welcome to PolyEduHub - Your Educational Resource Hub
MIME-Version: 1.0
Content-type: text/html; charset=utf-8
From: PolyEduHub <noreply@polyeduhub.edu.my>


    <html>
    <head>
        <title>Welcome to PolyEduHub</title>
    </head>
    <body>
        <h2>Welcome to PolyEduHub, Syuhada!</h2>
        <p>Thank you for joining our educational resource sharing platform.</p>
        <p>Your account has been created successfully with the following details:</p>
        <ul>
            <li><strong>Email:</strong> syuhdaghzly05@gmail.com</li>
            <li><strong>Role:</strong> Student</li>
        </ul>
        <p>You can now log in and start exploring resources, uploading your own materials, and connecting with other students.</p>
        <p>Best regards,<br>The PolyEduHub Team</p>
    </body>
    </html>
=============================================

